Patient Content Generation Script
Started: 2026-03-07 06:40:10

================================================================================
Processing: articles_skincare-science.json
================================================================================
Loaded 74 articles
Backup created: /sessions/affectionate-nifty-archimedes/mnt/ClaudeMacStudio/dermobrain/backups/articles_skincare-science_backup_20260307_064010.json
[1/74] Sunscreen Chemical vs Mineral: From Etiology to Therapeutic ... ✓
[2/74] SPF Explained: What Every Patient Should Know... ✓
[3/74] Understanding The Complete Sunscreen Application Guide: What... ✓
[4/74] Reef-Safe Sunscreen: From Etiology to Therapeutic Outcomes... ✓
[5/74] Moisturizers for Every Skin Type: Diagnosis and Treatment Gu... ✓
[6/74] Retinoids Overview: Professional Insights and Guidance... ✓
[7/74] Tretinoin Guide: Diagnosis and Treatment Guide... ✓
[8/74] Retinol for Beginners: Diagnosis and Treatment Guide... ✓
[9/74] Understanding Adapalene: Diagnosis and Treatment Guide... ✓
[10/74] Glycolic Acid: Comprehensive Overview... ✓
[11/74] Lactic Acid: Comprehensive Overview... ✓
[12/74] Understanding Salicylic Acid: Key Information... ✓
[13/74] Niacinamide: Professional Insights and Guidance... ✓
[14/74] Vitamin C Serums: Professional Insights and Guidance... ✓
[15/74] Understanding Hyaluronic Acid: Recognition, Diagnosis, and C... ✓
[16/74] Ceramides: Comprehensive Overview... ✓
[17/74] Understanding Peptides: Key Information... ✓
[18/74] Antioxidants in Skincare: Recognition, Diagnosis, and Care... ✓
[19/74] Understanding Double Cleansing: Key Information... ✓
[20/74] Oil Cleansing: From Etiology to Therapeutic Outcomes... ✓
[21/74] Micellar Water: The Science Behind Gentle Cleansing and Make... ✓
[22/74] Oily Skin Routine: Science-Based Strategies for Sebum Contro... ✓
[23/74] Dry Skin Routine: Evidence-Based Hydration, Occlusion, and B... ✓
[24/74] Combination Skin Routine: Balancing Oily and Dry Zones With ... ✓
[25/74] Sensitive Skin Routine: Evidence-Based Management of Barrier... ✓
[26/74] Ingredient Interactions in Skincare: Chemistry, Stability, a... ✓
[27/74] Skin Barrier Repair: Lipid Restoration, Ceramide Mechanisms,... ✓
[28/74] Skin Microbiome: Bacterial Diversity, Barrier Support, and C... ✓
[29/74] AHA vs BHA: Chemical Exfoliation Mechanisms, Efficacy Data, ... ✓
[30/74] Building a Basic Skincare Routine: Science-Based Steps, Prod... ✓
[31/74] Niacinamide in Skincare: Multiple Benefits, Optimal Concentr... ✓
[32/74] Hyaluronic Acid: Molecular Weight, Hydration Mechanisms, and... ✓
[33/74] Vitamin C Serums: Stability, Penetration, Antioxidant Mechan... ✓
[34/74] Bakuchiol: Natural Retinol Alternative Efficacy, Mechanism, ... ✓
[35/74] Azelaic Acid: Efficacy for Acne and Rosacea, Mechanisms, and... ✓
[36/74] Tranexamic Acid: Emerging Efficacy for Hyperpigmentation, Me... ✓
[37/74] Peptides in Skincare: Collagen Support, Penetration, and Cli... ✓
[38/74] Ceramides: Barrier Architecture, Clinical Efficacy, and Evid... ✓
[39/74] Glycolic Acid vs Salicylic Acid: Exfoliation Mechanisms, Eff... ✓
[40/74] Zinc Oxide in Skincare: Photoprotection Beyond Sunscreen and... ✓
[41/74] Mineral vs Chemical Sunscreen: Mechanisms, Efficacy Comparis... ✓
[42/74] SPF Explained: Understanding Sun Protection Factor, UVA Prot... ✓
[43/74] UVA vs UVB: Different Rays Different Damage... ✓
[44/74] Sunscreen for Dark Skin: Avoiding the White Cast... ✓
[45/74] Sun Protection After Procedures: Post-Treatment Care... ✓
[46/74] Blue Light and Skin: Does Screen Time Damage Your Skin... ✓
[47/74] Sunscreen Myths Debunked: What Science Actually Says... ✓
[48/74] Water-Resistant Sunscreen: Swimming and Sweat Guide... ✓
[49/74] The 10-Step Korean Skincare Routine: Evidence Review... ✓
[50/74] Minimalist Skincare: Less Is More Approach... ✓
[51/74] Anti-Aging Skincare Routine for Your 30s... ✓
[52/74] Nighttime Skincare Routine: Maximizing Skin Repair... ✓
[53/74] Building a Routine for Sensitive Skin... ✓
[54/74] Skincare Routine for Oily Acne-Prone Skin... ✓
[55/74] Post-Workout Skincare: Sweat Pimples and Prevention... ✓
[56/74] Skincare Layering: The Correct Order of Products... ✓
[57/74] Double Cleansing: Is It Worth the Extra Step... ✓
[58/74] Oil Cleansing Method: Benefits and Risks... ✓
[59/74] Micellar Water: Gentle Cleansing Science... ✓
[60/74] Moisturizer Types: Creams Lotions and Ointments Explained... ✓
[61/74] Toner vs Essence: Understanding Asian Skincare Steps... ✓
[62/74] Exfoliation Guide: Physical vs Chemical Methods... ✓
[63/74] Face Masks: Sheet Masks Clay Masks and Overnight Masks... ✓
[64/74] The Science of Skin pH: Why It Matters for Product Choice... ✓
[65/74] Skin Microbiome: The Invisible Ecosystem on Your Skin... ✓
[66/74] Barrier Repair: How to Fix a Damaged Skin Barrier... ✓
[67/74] Skin Purging vs Breakouts: How to Tell the Difference... ✓
[68/74] Retinoids 101: Retinol Retinal and Prescription Tretinoin... ✓
[69/74] Alpha Hydroxy Acids: Glycolic Lactic and Mandelic Acid Guide... ✓
[70/74] Beta Hydroxy Acid: Salicylic Acid Deep Dive... ✓
[71/74] Benzoyl Peroxide: How It Works and How to Use It... ✓
[72/74] Squalane Oil: Lightweight Moisturizing Science... ✓
[73/74] Adapalene: Over-the-Counter Retinoid Guide... ✓
[74/74] Centella Asiatica: Traditional Remedy Meets Modern Science... ✓

--------------------------------------------------------------------------------
Results for articles_skincare-science.json:
  Total articles: 74
  Processed: 74
  Skipped (already had content): 0
  Failed: 0
  Validation warnings: 0
  File saved: /sessions/affectionate-nifty-archimedes/mnt/ClaudeMacStudio/dermobrain/data/articles_skincare-science.json

================================================================================
Processing: articles_womens-derm.json
================================================================================
Loaded 42 articles
Backup created: /sessions/affectionate-nifty-archimedes/mnt/ClaudeMacStudio/dermobrain/backups/articles_womens-derm_backup_20260307_064010.json
[1/42] Hormonal Acne: What Every Patient Should Know in Women: Horm... ✓
[2/42] PCOS and Skin: Pathophysiology and Treatment Approaches in W... ✓
[3/42] Understanding Menstrual Cycle and Skin: Recognition, Diagnos... ✓
[4/42] Melasma: Professional Insights and Guidance in Women: Hormon... ✓
[5/42] PUPPP: Diagnosis and Treatment Guide in Women: Hormonal Infl... ✓
[6/42] Linea Nigra: What Every Patient Should Know in Women: Hormon... ✓
[7/42] Understanding Pregnancy Stretch Marks: Key Information in Wo... ✓
[8/42] Safe Skincare During Pregnancy: Evidence-Based Clinical Mana... ✓
[9/42] Understanding Safe Skincare While Breastfeeding: Pathophysio... ✓
[10/42] Menopause and Skin Dryness: Recognition, Diagnosis, and Care... ✓
[11/42] Understanding Menopause Skin Thinning: Key Information in Wo... ✓
[12/42] Hormonal Aging: Evidence-Based Clinical Management in Women:... ✓
[13/42] Birth Control and Skin Effects: Professional Insights and Gu... ✓
[14/42] Oral Contraceptives for Acne: Diagnosis and Treatment Guide ... ✓
[15/42] Understanding Spironolactone for Women: What Every Patient S... ✓
[16/42] Female Pattern Hair Loss: Recognition, Diagnosis, and Care i... ✓
[17/42] Perioral Dermatitis: Comprehensive Overview in Women: Hormon... ✓
[18/42] Understanding Pregnancy-Safe Treatments for Acne: Key Inform... ✓
[19/42] Postpartum Skin Changes: Clinical Considerations and Managem... ✓
[20/42] Understanding Women's Anti-Aging Guide: Key Information in W... ✓
[21/42] Hormonal Acne: PCOS and Skin in Women: Hormonal Influences a... ✓
[22/42] Hirsutism: Excessive Hair Growth in Women: Hormonal Influenc... ✓
[23/42] Perioral Dermatitis: Causes and Treatment in Women: Hormonal... ✓
[24/42] Thyroid and Skin: How Thyroid Disorders Affect Women's Skin ... ✓
[25/42] Hormone Replacement Therapy and Skin Health in Women: Hormon... ✓
[26/42] Pregnancy Skin Changes: What to Expect Each Trimester in Wom... ⚠ (validation warnings)
[27/42] Melasma During Pregnancy: The Mask of Pregnancy in Women: Ho... ✓
[28/42] Safe Skincare During Pregnancy: What to Avoid in Women: Horm... ✓
[29/42] PUPPP Rash: Itchy Skin in Late Pregnancy in Women: Hormonal ... ✓
[30/42] Stretch Marks in Pregnancy: Prevention and Treatment in Wome... ✓
[31/42] Breastfeeding and Skin: Nipple Dermatitis Management in Wome... ✓
[32/42] Menopause and Skin Aging: Estrogen Decline Effects in Women:... ✓
[33/42] Vaginal Dryness and Vulvar Skin: Menopause Changes in Women:... ✓
[34/42] Perimenopause Acne: Late-Onset Breakouts in Women: Hormonal ... ✓
[35/42] Thinning Skin After Menopause: Collagen Loss Prevention in W... ✓
[36/42] Hot Flashes and Skin: Flushing Management in Women: Hormonal... ✓
[37/42] Female Pattern Hair Loss: Ludwig Classification in Women: Ho... ✓
[38/42] Hair Loss During Menopause Hair Thinning in Women: Hormonal ... ✓
[39/42] Birth Control and Hair: Oral Contraceptive Effects in Women:... ✓
[40/42] PCOS Hair Loss: Androgenic Alopecia in Women: Hormonal Influ... ✓
[41/42] Biotin for Hair Growth: Evidence Review in Women: Hormonal I... ✓
[42/42] Iron Deficiency Hair Loss: Testing and Treatment in Women: H... ✓

--------------------------------------------------------------------------------
Results for articles_womens-derm.json:
  Total articles: 42
  Processed: 42
  Skipped (already had content): 0
  Failed: 0
  Validation warnings: 1
  File saved: /sessions/affectionate-nifty-archimedes/mnt/ClaudeMacStudio/dermobrain/data/articles_womens-derm.json

================================================================================
VERIFICATION
================================================================================

articles_skincare-science.json: ✓ All 74 articles have patient content

articles_womens-derm.json: ✓ All 42 articles have patient content

================================================================================
FINAL SUMMARY
================================================================================

articles_skincare-science.json:
  Total: 74
  Processed: 74
  Skipped: 0
  Failed: 0

articles_womens-derm.json:
  Total: 42
  Processed: 42
  Skipped: 0
  Failed: 0

Grand Totals:
  Total articles: 116
  Processed: 116
  Skipped: 0
  Failed: 0

✓ SUCCESS: All 116 articles have patient content!

Completed: 2026-03-07 06:40:10
